[2023-06-19T12:05:01.311+0000] {taskinstance.py:1083} INFO - Dependencies all met for <TaskInstance: hello_world_dag_minute_time.hello_task scheduled__2023-06-19T12:04:00+00:00 [queued]>
[2023-06-19T12:05:01.318+0000] {taskinstance.py:1083} INFO - Dependencies all met for <TaskInstance: hello_world_dag_minute_time.hello_task scheduled__2023-06-19T12:04:00+00:00 [queued]>
[2023-06-19T12:05:01.318+0000] {taskinstance.py:1279} INFO - 
--------------------------------------------------------------------------------
[2023-06-19T12:05:01.318+0000] {taskinstance.py:1280} INFO - Starting attempt 1 of 1
[2023-06-19T12:05:01.318+0000] {taskinstance.py:1281} INFO - 
--------------------------------------------------------------------------------
[2023-06-19T12:05:01.329+0000] {taskinstance.py:1300} INFO - Executing <Task(PythonOperator): hello_task> on 2023-06-19 12:04:00+00:00
[2023-06-19T12:05:01.335+0000] {standard_task_runner.py:55} INFO - Started process 5218 to run task
[2023-06-19T12:05:01.337+0000] {standard_task_runner.py:82} INFO - Running: ['***', 'tasks', 'run', 'hello_world_dag_minute_time', 'hello_task', 'scheduled__2023-06-19T12:04:00+00:00', '--job-id', '7', '--raw', '--subdir', 'DAGS_FOLDER/dag1.py', '--cfg-path', '/tmp/tmpx92h03ul']
[2023-06-19T12:05:01.338+0000] {standard_task_runner.py:83} INFO - Job 7: Subtask hello_task
[2023-06-19T12:05:01.388+0000] {task_command.py:388} INFO - Running <TaskInstance: hello_world_dag_minute_time.hello_task scheduled__2023-06-19T12:04:00+00:00 [running]> on host 994d2c74a088
[2023-06-19T12:05:01.449+0000] {taskinstance.py:1509} INFO - Exporting the following env vars:
AIRFLOW_CTX_DAG_OWNER=***
AIRFLOW_CTX_DAG_ID=hello_world_dag_minute_time
AIRFLOW_CTX_TASK_ID=hello_task
AIRFLOW_CTX_EXECUTION_DATE=2023-06-19T12:04:00+00:00
AIRFLOW_CTX_TRY_NUMBER=1
AIRFLOW_CTX_DAG_RUN_ID=scheduled__2023-06-19T12:04:00+00:00
[2023-06-19T12:05:01.449+0000] {logging_mixin.py:137} INFO - #############################################
[2023-06-19T12:05:01.449+0000] {logging_mixin.py:137} INFO -   Hello, AIRFLOW!
[2023-06-19T12:05:01.450+0000] {logging_mixin.py:137} INFO - 23-06-19 14:05:01
[2023-06-19T12:05:01.450+0000] {logging_mixin.py:137} INFO - #############################################
[2023-06-19T12:05:01.450+0000] {python.py:177} INFO - Done. Returned value was: None
[2023-06-19T12:05:01.459+0000] {taskinstance.py:1323} INFO - Marking task as SUCCESS. dag_id=hello_world_dag_minute_time, task_id=hello_task, execution_date=20230619T120400, start_date=20230619T120501, end_date=20230619T120501
[2023-06-19T12:05:01.508+0000] {local_task_job.py:208} INFO - Task exited with return code 0
[2023-06-19T12:05:01.524+0000] {taskinstance.py:2578} INFO - 0 downstream tasks scheduled from follow-on schedule check
